2025-01-14 00:16:12 INFO  userCreation - is  using URL https://demo.guru99.com/test/newtours/register.php
2025-01-14 00:16:57 INFO  userCreation - is  using URL https://demo.guru99.com/test/newtours/register.php
2025-01-14 00:18:20 INFO  userCreation - is  using URL https://demo.guru99.com/test/newtours/register.php
2025-01-14 00:24:50 INFO  userCreation - is  using URL https://demo.guru99.com/test/newtours/register.php
2025-01-15 23:43:04 INFO  handleWait - is using URL https://www.redbus.in/
2025-01-15 23:44:29 INFO  handleWait - is using URL https://www.redbus.in/
2025-01-16 19:53:05 INFO  handleWait - is using URL https://www.redbus.in/
2025-01-16 21:25:18 INFO  handleWait - is using URL https://www.tutorialspoint.com/selenium/practice/upload-download.php
2025-01-16 21:38:03 INFO  handleWait - is using URL https://www.redbus.in/
2025-01-16 21:39:30 INFO  handleWait - is using URL https://demo.guru99.com/test/radio.html
2025-01-16 21:39:54 INFO  handleWait - is using URL https://demo.guru99.com/test/radio.html
2025-01-16 21:44:55 INFO  handleWait - is using URL https://demo.guru99.com/test/radio.html
2025-01-16 21:46:13 INFO  handleWait - is using URL https://demo.guru99.com/test/radio.html
2025-01-16 21:47:09 INFO  handleWait - is using URL https://demo.guru99.com/test/radio.html
2025-01-16 21:49:04 INFO  handleWait - is using URL https://demo.guru99.com/test/radio.html
2025-01-16 21:52:58 INFO  handleWait - is using URL https://demo.guru99.com/test/radio.html
2025-01-16 21:53:53 INFO  handleWait - is using URL https://demo.guru99.com/test/radio.html
2025-01-18 00:05:50 INFO  handleWait - is using URL https://www.redbus.in/
2025-01-18 19:25:21 INFO  handleWait - is using URL https://www.redbus.in/
2025-01-18 19:28:05 INFO  handleWait - is using URL https://www.redbus.in/
2025-01-18 19:28:34 INFO  handleWait - is using URL https://www.redbus.in/
2025-01-18 19:29:28 INFO  handleWait - is using URL https://www.redbus.in/
2025-01-18 19:31:34 INFO  handleWait - is using URL https://www.redbus.in/
2025-01-18 19:32:28 INFO  handleWait - is using URL https://www.redbus.in/
2025-01-18 19:35:24 INFO  handleWait - is using URL https://www.redbus.in/
2025-01-18 20:39:35 INFO  handleWait - is using URL https://www.redbus.in/
2025-01-18 22:35:50 INFO  handleWait - is using URL https://www.redbus.in/
2025-01-18 22:46:19 INFO  handleWait - is using URL https://www.redbus.in/
2025-01-18 22:57:29 INFO  handleWait - is using URL https://www.redbus.in/
2025-01-18 23:03:32 INFO  handleWait - is using URL https://www.redbus.in/
2025-01-18 23:05:12 INFO  handleWait - is using URL https://www.redbus.in/
2025-01-18 23:08:30 INFO  handleWait - is using URL https://www.redbus.in/
2025-01-18 23:10:17 INFO  handleWait - is using URL https://www.redbus.in/
2025-01-18 23:11:26 INFO  handleWait - is using URL https://www.redbus.in/
2025-01-18 23:13:45 INFO  handleWait - is using URL https://www.redbus.in/
2025-01-18 23:15:01 INFO  handleWait - is using URL https://www.redbus.in/
2025-01-18 23:15:46 INFO  handleWait - is using URL https://www.redbus.in/
2025-01-18 23:16:54 INFO  handleWait - is using URL https://www.redbus.in/
2025-01-18 23:23:24 INFO  handleWait - is using URL https://www.redbus.in/
2025-01-18 23:25:14 INFO  handleWait - is using URL https://www.redbus.in/
2025-01-18 23:26:45 INFO  handleWait - is using URL https://www.redbus.in/
2025-01-18 23:50:07 INFO  handleWait - is using URL https://www.redbus.in/
2025-01-18 23:50:39 INFO  handleWait - is using URL https://www.redbus.in/
2025-01-18 23:52:07 INFO  handleWait - is using URL https://www.redbus.in/
2025-01-18 23:52:59 INFO  handleWait - is using URL https://www.redbus.in/
2025-01-18 23:54:58 INFO  handleWait - is using URL https://www.redbus.in/
2025-01-19 15:44:09 INFO  userCreation - is  using URL https://demo.guru99.com/test/newtours/register.php
2025-01-23 20:13:24 INFO  handleWait - is using URL https://demo.guru99.com/test/
2025-01-23 20:13:28 INFO  handleWait - is using URL https://demo.guru99.com/test/radio.html
2025-01-23 20:13:33 INFO  userCreation - is using URL https://demo.guru99.com/test/web-table-element.php
2025-01-23 20:13:39 INFO  userCreation - is using URL https://demo.guru99.com/test/delete_customer.php
2025-01-23 20:13:45 INFO  handleFrame - is using URL https://demo.guru99.com/test/newtours/register.php
2025-01-23 20:13:58 INFO  handleWait - is using URL https://www.hyrtutorials.com/p/waits-demo.html#google_vignette
2025-01-23 20:15:54 INFO  handleWait - is using URL https://demo.guru99.com/test/
2025-01-23 20:16:41 INFO  handleWait - is using URL https://demo.guru99.com/test/
2025-01-23 20:25:16 INFO  handleWait - is using URL https://demo.guru99.com/test/radio.html
